<?xml version="1.0" encoding="UTF-8"?>
<testng-results ignored="0" total="12" passed="11" failed="1" skipped="0">
  <reporter-output>
  </reporter-output>
  <suite started-at="2023-02-08T15:18:18 IST" name="Suite" finished-at="2023-02-08T15:18:55 IST" duration-ms="36334">
    <groups>
    </groups>
    <test started-at="2023-02-08T15:18:18 IST" name="ChromeTest" finished-at="2023-02-08T15:18:34 IST" duration-ms="16015">
      <class name="pkg1.ForTestNg">
        <test-method is-config="true" signature="OpenBrowser(java.lang.String)[pri:0, instance:pkg1.ForTestNg@5ffead27]" started-at="2023-02-08T15:18:18 IST" name="OpenBrowser" finished-at="2023-02-08T15:18:20 IST" duration-ms="2039" status="PASS">
          <params>
            <param index="0">
              <value>
                <![CDATA[Chrome]]>
              </value>
            </param>
          </params>
          <reporter-output>
          </reporter-output>
        </test-method> <!-- OpenBrowser -->
        <test-method is-config="true" signature="openSignUp()[pri:0, instance:pkg1.ForTestNg@5ffead27]" started-at="2023-02-08T15:18:22 IST" name="openSignUp" finished-at="2023-02-08T15:18:24 IST" duration-ms="2085" status="PASS">
          <reporter-output>
          </reporter-output>
        </test-method> <!-- openSignUp -->
        <test-method signature="cookiesPolcy()[pri:0, instance:pkg1.ForTestNg@5ffead27]" started-at="2023-02-08T15:18:24 IST" name="cookiesPolcy" finished-at="2023-02-08T15:18:26 IST" duration-ms="2451" status="PASS">
          <reporter-output>
          </reporter-output>
        </test-method> <!-- cookiesPolcy -->
        <test-method is-config="true" signature="closeCurrentTab()[pri:0, instance:pkg1.ForTestNg@5ffead27]" started-at="2023-02-08T15:18:26 IST" name="closeCurrentTab" finished-at="2023-02-08T15:18:27 IST" duration-ms="383" status="PASS">
          <reporter-output>
          </reporter-output>
        </test-method> <!-- closeCurrentTab -->
        <test-method is-config="true" signature="openSignUp()[pri:0, instance:pkg1.ForTestNg@5ffead27]" started-at="2023-02-08T15:18:27 IST" name="openSignUp" finished-at="2023-02-08T15:18:28 IST" duration-ms="950" status="PASS">
          <reporter-output>
          </reporter-output>
        </test-method> <!-- openSignUp -->
        <test-method signature="privacyPolicy()[pri:0, instance:pkg1.ForTestNg@5ffead27]" started-at="2023-02-08T15:18:28 IST" name="privacyPolicy" finished-at="2023-02-08T15:18:31 IST" duration-ms="3340" status="PASS">
          <reporter-output>
          </reporter-output>
        </test-method> <!-- privacyPolicy -->
        <test-method is-config="true" signature="closeCurrentTab()[pri:0, instance:pkg1.ForTestNg@5ffead27]" started-at="2023-02-08T15:18:31 IST" name="closeCurrentTab" finished-at="2023-02-08T15:18:31 IST" duration-ms="139" status="PASS">
          <reporter-output>
          </reporter-output>
        </test-method> <!-- closeCurrentTab -->
        <test-method is-config="true" signature="openSignUp()[pri:0, instance:pkg1.ForTestNg@5ffead27]" started-at="2023-02-08T15:18:31 IST" name="openSignUp" finished-at="2023-02-08T15:18:32 IST" duration-ms="793" status="PASS">
          <reporter-output>
          </reporter-output>
        </test-method> <!-- openSignUp -->
        <test-method signature="signupPage()[pri:0, instance:pkg1.ForTestNg@5ffead27]" started-at="2023-02-08T15:18:32 IST" name="signupPage" finished-at="2023-02-08T15:18:34 IST" duration-ms="2083" status="PASS">
          <reporter-output>
          </reporter-output>
        </test-method> <!-- signupPage -->
        <test-method is-config="true" signature="closeCurrentTab()[pri:0, instance:pkg1.ForTestNg@5ffead27]" started-at="2023-02-08T15:18:34 IST" name="closeCurrentTab" finished-at="2023-02-08T15:18:34 IST" duration-ms="82" status="PASS">
          <reporter-output>
          </reporter-output>
        </test-method> <!-- closeCurrentTab -->
        <test-method is-config="true" signature="closeAllTab()[pri:0, instance:pkg1.ForTestNg@5ffead27]" started-at="2023-02-08T15:18:34 IST" name="closeAllTab" finished-at="2023-02-08T15:18:34 IST" duration-ms="442" status="PASS">
          <reporter-output>
          </reporter-output>
        </test-method> <!-- closeAllTab -->
      </class> <!-- pkg1.ForTestNg -->
      <class name="pkg1.TestNgTestClass">
        <test-method is-config="true" signature="OpenBrowser(java.lang.String)[pri:0, instance:pkg1.TestNgTestClass@3e58a80e]" started-at="2023-02-08T15:18:20 IST" name="OpenBrowser" finished-at="2023-02-08T15:18:22 IST" duration-ms="1144" status="PASS">
          <params>
            <param index="0">
              <value>
                <![CDATA[Chrome]]>
              </value>
            </param>
          </params>
          <reporter-output>
          </reporter-output>
        </test-method> <!-- OpenBrowser -->
        <test-method is-config="true" signature="openSignUp()[pri:0, instance:pkg1.TestNgTestClass@3e58a80e]" started-at="2023-02-08T15:18:22 IST" name="openSignUp" finished-at="2023-02-08T15:18:24 IST" duration-ms="2129" status="PASS">
          <reporter-output>
          </reporter-output>
        </test-method> <!-- openSignUp -->
        <test-method signature="cookiesPolcy()[pri:0, instance:pkg1.TestNgTestClass@3e58a80e]" started-at="2023-02-08T15:18:24 IST" name="cookiesPolcy" finished-at="2023-02-08T15:18:26 IST" duration-ms="2493" status="PASS">
          <reporter-output>
          </reporter-output>
        </test-method> <!-- cookiesPolcy -->
        <test-method is-config="true" signature="closeCurrentTab()[pri:0, instance:pkg1.TestNgTestClass@3e58a80e]" started-at="2023-02-08T15:18:26 IST" name="closeCurrentTab" finished-at="2023-02-08T15:18:27 IST" duration-ms="300" status="PASS">
          <reporter-output>
          </reporter-output>
        </test-method> <!-- closeCurrentTab -->
        <test-method is-config="true" signature="openSignUp()[pri:0, instance:pkg1.TestNgTestClass@3e58a80e]" started-at="2023-02-08T15:18:27 IST" name="openSignUp" finished-at="2023-02-08T15:18:27 IST" duration-ms="821" status="PASS">
          <reporter-output>
          </reporter-output>
        </test-method> <!-- openSignUp -->
        <test-method signature="privacyPolicy()[pri:0, instance:pkg1.TestNgTestClass@3e58a80e]" started-at="2023-02-08T15:18:27 IST" name="privacyPolicy" finished-at="2023-02-08T15:18:30 IST" duration-ms="2777" status="PASS">
          <reporter-output>
          </reporter-output>
        </test-method> <!-- privacyPolicy -->
        <test-method is-config="true" signature="closeCurrentTab()[pri:0, instance:pkg1.TestNgTestClass@3e58a80e]" started-at="2023-02-08T15:18:30 IST" name="closeCurrentTab" finished-at="2023-02-08T15:18:30 IST" duration-ms="105" status="PASS">
          <reporter-output>
          </reporter-output>
        </test-method> <!-- closeCurrentTab -->
        <test-method is-config="true" signature="openSignUp()[pri:0, instance:pkg1.TestNgTestClass@3e58a80e]" started-at="2023-02-08T15:18:30 IST" name="openSignUp" finished-at="2023-02-08T15:18:31 IST" duration-ms="756" status="PASS">
          <reporter-output>
          </reporter-output>
        </test-method> <!-- openSignUp -->
        <test-method signature="signupPage()[pri:0, instance:pkg1.TestNgTestClass@3e58a80e]" started-at="2023-02-08T15:18:31 IST" name="signupPage" finished-at="2023-02-08T15:18:33 IST" duration-ms="2163" status="PASS">
          <reporter-output>
          </reporter-output>
        </test-method> <!-- signupPage -->
        <test-method is-config="true" signature="closeCurrentTab()[pri:0, instance:pkg1.TestNgTestClass@3e58a80e]" started-at="2023-02-08T15:18:33 IST" name="closeCurrentTab" finished-at="2023-02-08T15:18:33 IST" duration-ms="129" status="PASS">
          <reporter-output>
          </reporter-output>
        </test-method> <!-- closeCurrentTab -->
        <test-method is-config="true" signature="closeAllTab()[pri:0, instance:pkg1.TestNgTestClass@3e58a80e]" started-at="2023-02-08T15:18:33 IST" name="closeAllTab" finished-at="2023-02-08T15:18:34 IST" duration-ms="518" status="PASS">
          <reporter-output>
          </reporter-output>
        </test-method> <!-- closeAllTab -->
      </class> <!-- pkg1.TestNgTestClass -->
    </test> <!-- ChromeTest -->
    <test started-at="2023-02-08T15:18:35 IST" name="EdgeTest" finished-at="2023-02-08T15:18:55 IST" duration-ms="20245">
      <class name="pkg1.ForTestNg">
        <test-method is-config="true" signature="OpenBrowser(java.lang.String)[pri:0, instance:pkg1.ForTestNg@5b8dfcc1]" started-at="2023-02-08T15:18:35 IST" name="OpenBrowser" finished-at="2023-02-08T15:18:36 IST" duration-ms="1672" status="PASS">
          <params>
            <param index="0">
              <value>
                <![CDATA[Edge]]>
              </value>
            </param>
          </params>
          <reporter-output>
          </reporter-output>
        </test-method> <!-- OpenBrowser -->
        <test-method is-config="true" signature="openSignUp()[pri:0, instance:pkg1.ForTestNg@5b8dfcc1]" started-at="2023-02-08T15:18:39 IST" name="openSignUp" finished-at="2023-02-08T15:18:42 IST" duration-ms="2571" status="PASS">
          <reporter-output>
          </reporter-output>
        </test-method> <!-- openSignUp -->
        <test-method signature="cookiesPolcy()[pri:0, instance:pkg1.ForTestNg@5b8dfcc1]" started-at="2023-02-08T15:18:42 IST" name="cookiesPolcy" finished-at="2023-02-08T15:18:45 IST" duration-ms="3428" status="PASS">
          <reporter-output>
          </reporter-output>
        </test-method> <!-- cookiesPolcy -->
        <test-method is-config="true" signature="closeCurrentTab()[pri:0, instance:pkg1.ForTestNg@5b8dfcc1]" started-at="2023-02-08T15:18:45 IST" name="closeCurrentTab" finished-at="2023-02-08T15:18:46 IST" duration-ms="319" status="PASS">
          <reporter-output>
          </reporter-output>
        </test-method> <!-- closeCurrentTab -->
        <test-method is-config="true" signature="openSignUp()[pri:0, instance:pkg1.ForTestNg@5b8dfcc1]" started-at="2023-02-08T15:18:46 IST" name="openSignUp" finished-at="2023-02-08T15:18:47 IST" duration-ms="1392" status="PASS">
          <reporter-output>
          </reporter-output>
        </test-method> <!-- openSignUp -->
        <test-method signature="privacyPolicy()[pri:0, instance:pkg1.ForTestNg@5b8dfcc1]" started-at="2023-02-08T15:18:47 IST" name="privacyPolicy" finished-at="2023-02-08T15:18:50 IST" duration-ms="2887" status="PASS">
          <reporter-output>
          </reporter-output>
        </test-method> <!-- privacyPolicy -->
        <test-method is-config="true" signature="closeCurrentTab()[pri:0, instance:pkg1.ForTestNg@5b8dfcc1]" started-at="2023-02-08T15:18:50 IST" name="closeCurrentTab" finished-at="2023-02-08T15:18:50 IST" duration-ms="274" status="PASS">
          <reporter-output>
          </reporter-output>
        </test-method> <!-- closeCurrentTab -->
        <test-method is-config="true" signature="openSignUp()[pri:0, instance:pkg1.ForTestNg@5b8dfcc1]" started-at="2023-02-08T15:18:50 IST" name="openSignUp" finished-at="2023-02-08T15:18:52 IST" duration-ms="1370" status="PASS">
          <reporter-output>
          </reporter-output>
        </test-method> <!-- openSignUp -->
        <test-method signature="signupPage()[pri:0, instance:pkg1.ForTestNg@5b8dfcc1]" started-at="2023-02-08T15:18:52 IST" name="signupPage" finished-at="2023-02-08T15:18:54 IST" duration-ms="2508" status="PASS">
          <reporter-output>
          </reporter-output>
        </test-method> <!-- signupPage -->
        <test-method is-config="true" signature="closeCurrentTab()[pri:0, instance:pkg1.ForTestNg@5b8dfcc1]" started-at="2023-02-08T15:18:54 IST" name="closeCurrentTab" finished-at="2023-02-08T15:18:54 IST" duration-ms="98" status="PASS">
          <reporter-output>
          </reporter-output>
        </test-method> <!-- closeCurrentTab -->
        <test-method is-config="true" signature="closeAllTab()[pri:0, instance:pkg1.ForTestNg@5b8dfcc1]" started-at="2023-02-08T15:18:54 IST" name="closeAllTab" finished-at="2023-02-08T15:18:55 IST" duration-ms="529" status="PASS">
          <reporter-output>
          </reporter-output>
        </test-method> <!-- closeAllTab -->
      </class> <!-- pkg1.ForTestNg -->
      <class name="pkg1.TestNgTestClass">
        <test-method is-config="true" signature="OpenBrowser(java.lang.String)[pri:0, instance:pkg1.TestNgTestClass@2f9f7dcf]" started-at="2023-02-08T15:18:36 IST" name="OpenBrowser" finished-at="2023-02-08T15:18:39 IST" duration-ms="3180" status="PASS">
          <params>
            <param index="0">
              <value>
                <![CDATA[Edge]]>
              </value>
            </param>
          </params>
          <reporter-output>
          </reporter-output>
        </test-method> <!-- OpenBrowser -->
        <test-method is-config="true" signature="openSignUp()[pri:0, instance:pkg1.TestNgTestClass@2f9f7dcf]" started-at="2023-02-08T15:18:39 IST" name="openSignUp" finished-at="2023-02-08T15:18:42 IST" duration-ms="2515" status="PASS">
          <reporter-output>
          </reporter-output>
        </test-method> <!-- openSignUp -->
        <test-method signature="cookiesPolcy()[pri:0, instance:pkg1.TestNgTestClass@2f9f7dcf]" started-at="2023-02-08T15:18:42 IST" name="cookiesPolcy" finished-at="2023-02-08T15:18:45 IST" duration-ms="2761" status="PASS">
          <reporter-output>
          </reporter-output>
        </test-method> <!-- cookiesPolcy -->
        <test-method is-config="true" signature="closeCurrentTab()[pri:0, instance:pkg1.TestNgTestClass@2f9f7dcf]" started-at="2023-02-08T15:18:45 IST" name="closeCurrentTab" finished-at="2023-02-08T15:18:45 IST" duration-ms="190" status="PASS">
          <reporter-output>
          </reporter-output>
        </test-method> <!-- closeCurrentTab -->
        <test-method is-config="true" signature="openSignUp()[pri:0, instance:pkg1.TestNgTestClass@2f9f7dcf]" started-at="2023-02-08T15:18:45 IST" name="openSignUp" finished-at="2023-02-08T15:18:46 IST" duration-ms="1587" status="PASS">
          <reporter-output>
          </reporter-output>
        </test-method> <!-- openSignUp -->
        <test-method signature="privacyPolicy()[pri:0, instance:pkg1.TestNgTestClass@2f9f7dcf]" started-at="2023-02-08T15:18:46 IST" name="privacyPolicy" finished-at="2023-02-08T15:18:49 IST" duration-ms="2767" status="PASS">
          <reporter-output>
          </reporter-output>
        </test-method> <!-- privacyPolicy -->
        <test-method is-config="true" signature="closeCurrentTab()[pri:0, instance:pkg1.TestNgTestClass@2f9f7dcf]" started-at="2023-02-08T15:18:49 IST" name="closeCurrentTab" finished-at="2023-02-08T15:18:49 IST" duration-ms="149" status="PASS">
          <reporter-output>
          </reporter-output>
        </test-method> <!-- closeCurrentTab -->
        <test-method is-config="true" signature="openSignUp()[pri:0, instance:pkg1.TestNgTestClass@2f9f7dcf]" started-at="2023-02-08T15:18:49 IST" name="openSignUp" finished-at="2023-02-08T15:18:51 IST" duration-ms="1420" status="PASS">
          <reporter-output>
          </reporter-output>
        </test-method> <!-- openSignUp -->
        <test-method signature="signupPage()[pri:0, instance:pkg1.TestNgTestClass@2f9f7dcf]" started-at="2023-02-08T15:18:51 IST" name="signupPage" finished-at="2023-02-08T15:18:52 IST" duration-ms="1326" status="FAIL">
          <exception class="org.openqa.selenium.WebDriverException">
            <message>
              <![CDATA[unknown error: cannot determine loading status
from no such window
  (Session info: MicrosoftEdge=109.0.1518.78)
Build info: version: '3.141.59', revision: 'e82be7d358', time: '2018-11-14T08:17:03'
System info: host: 'LAPTOP-Q0P8NBKR', ip: '192.168.26.61', os.name: 'Windows 11', os.arch: 'amd64', os.version: '10.0', java.version: '18.0.2.1'
Driver info: org.openqa.selenium.edge.EdgeDriver
Capabilities {acceptInsecureCerts: false, browserName: msedge, browserVersion: 109.0.1518.78, javascriptEnabled: true, ms:edgeOptions: {debuggerAddress: localhost:58683}, msedge: {msedgedriverVersion: 109.0.1518.78 (4e4b32c38163..., userDataDir: C:\Users\AZHARP~1\AppData\L...}, networkConnectionEnabled: false, pageLoadStrategy: normal, platform: WINDOWS, platformName: WINDOWS, proxy: Proxy(), setWindowRect: true, strictFileInteractability: false, timeouts: {implicit: 0, pageLoad: 300000, script: 30000}, unhandledPromptBehavior: dismiss and notify, webauthn:extension:credBlob: true, webauthn:extension:largeBlob: true, webauthn:virtualAuthenticators: true}
Session ID: 945aa9feab7d3662fc389a17769f17ee]]>
            </message>
            <full-stacktrace>
              <![CDATA[org.openqa.selenium.WebDriverException: unknown error: cannot determine loading status
from no such window
  (Session info: MicrosoftEdge=109.0.1518.78)
Build info: version: '3.141.59', revision: 'e82be7d358', time: '2018-11-14T08:17:03'
System info: host: 'LAPTOP-Q0P8NBKR', ip: '192.168.26.61', os.name: 'Windows 11', os.arch: 'amd64', os.version: '10.0', java.version: '18.0.2.1'
Driver info: org.openqa.selenium.edge.EdgeDriver
Capabilities {acceptInsecureCerts: false, browserName: msedge, browserVersion: 109.0.1518.78, javascriptEnabled: true, ms:edgeOptions: {debuggerAddress: localhost:58683}, msedge: {msedgedriverVersion: 109.0.1518.78 (4e4b32c38163..., userDataDir: C:\Users\AZHARP~1\AppData\L...}, networkConnectionEnabled: false, pageLoadStrategy: normal, platform: WINDOWS, platformName: WINDOWS, proxy: Proxy(), setWindowRect: true, strictFileInteractability: false, timeouts: {implicit: 0, pageLoad: 300000, script: 30000}, unhandledPromptBehavior: dismiss and notify, webauthn:extension:credBlob: true, webauthn:extension:largeBlob: true, webauthn:virtualAuthenticators: true}
Session ID: 945aa9feab7d3662fc389a17769f17ee
at java.base/jdk.internal.reflect.DirectConstructorHandleAccessor.newInstance(DirectConstructorHandleAccessor.java:67)
at java.base/java.lang.reflect.Constructor.newInstanceWithCaller(Constructor.java:499)
at java.base/java.lang.reflect.Constructor.newInstance(Constructor.java:483)
at org.openqa.selenium.remote.http.W3CHttpResponseCodec.createException(W3CHttpResponseCodec.java:187)
at org.openqa.selenium.remote.http.W3CHttpResponseCodec.decode(W3CHttpResponseCodec.java:122)
at org.openqa.selenium.remote.http.W3CHttpResponseCodec.decode(W3CHttpResponseCodec.java:49)
at org.openqa.selenium.remote.HttpCommandExecutor.execute(HttpCommandExecutor.java:158)
at org.openqa.selenium.remote.service.DriverCommandExecutor.execute(DriverCommandExecutor.java:83)
at org.openqa.selenium.remote.RemoteWebDriver.execute(RemoteWebDriver.java:552)
at org.openqa.selenium.remote.RemoteWebDriver.execute(RemoteWebDriver.java:609)
at org.openqa.selenium.remote.RemoteWebDriver.getCurrentUrl(RemoteWebDriver.java:287)
at pkg1.TestNgTestClass.signupPage(TestNgTestClass.java:83)
at java.base/jdk.internal.reflect.DirectMethodHandleAccessor.invoke(DirectMethodHandleAccessor.java:104)
at java.base/java.lang.reflect.Method.invoke(Method.java:577)
at org.testng.internal.MethodInvocationHelper.invokeMethod(MethodInvocationHelper.java:133)
at org.testng.internal.TestInvoker.invokeMethod(TestInvoker.java:598)
at org.testng.internal.TestInvoker.invokeTestMethod(TestInvoker.java:173)
at org.testng.internal.MethodRunner.runInSequence(MethodRunner.java:46)
at org.testng.internal.TestInvoker$MethodInvocationAgent.invoke(TestInvoker.java:824)
at org.testng.internal.TestInvoker.invokeTestMethods(TestInvoker.java:146)
at org.testng.internal.TestMethodWorker.invokeTestMethods(TestMethodWorker.java:146)
at org.testng.internal.TestMethodWorker.run(TestMethodWorker.java:128)
at java.base/java.util.concurrent.ThreadPoolExecutor.runWorker(ThreadPoolExecutor.java:1136)
at java.base/java.util.concurrent.ThreadPoolExecutor$Worker.run(ThreadPoolExecutor.java:635)
at java.base/java.lang.Thread.run(Thread.java:833)
]]>
            </full-stacktrace>
          </exception> <!-- org.openqa.selenium.WebDriverException -->
          <reporter-output>
          </reporter-output>
        </test-method> <!-- signupPage -->
        <test-method is-config="true" signature="closeCurrentTab()[pri:0, instance:pkg1.TestNgTestClass@2f9f7dcf]" started-at="2023-02-08T15:18:52 IST" name="closeCurrentTab" finished-at="2023-02-08T15:18:52 IST" duration-ms="256" status="PASS">
          <reporter-output>
          </reporter-output>
        </test-method> <!-- closeCurrentTab -->
        <test-method is-config="true" signature="closeAllTab()[pri:0, instance:pkg1.TestNgTestClass@2f9f7dcf]" started-at="2023-02-08T15:18:52 IST" name="closeAllTab" finished-at="2023-02-08T15:18:53 IST" duration-ms="986" status="PASS">
          <reporter-output>
          </reporter-output>
        </test-method> <!-- closeAllTab -->
      </class> <!-- pkg1.TestNgTestClass -->
    </test> <!-- EdgeTest -->
  </suite> <!-- Suite -->
</testng-results>
