<?xml version="1.0" encoding="UTF-8"?>
<!-- Generated by org.testng.reporters.JUnitXMLReporter -->
<testsuite ignored="0" hostname="LAPTOP-Q0P8NBKR" failures="0" tests="6" name="ChromeTest" time="16.015" errors="0" timestamp="2023-02-08T15:18:35 IST">
  <testcase classname="pkg1.ForTestNg" name="cookiesPolcy" time="2.451"/>
  <testcase classname="pkg1.TestNgTestClass" name="cookiesPolcy" time="2.493"/>
  <testcase classname="pkg1.TestNgTestClass" name="privacyPolicy" time="2.777"/>
  <testcase classname="pkg1.ForTestNg" name="privacyPolicy" time="3.34"/>
  <testcase classname="pkg1.TestNgTestClass" name="signupPage" time="2.163"/>
  <testcase classname="pkg1.ForTestNg" name="signupPage" time="2.083"/>
</testsuite> <!-- ChromeTest -->
