<?xml version="1.0" encoding="UTF-8"?>
<!-- Generated by org.testng.reporters.JUnitXMLReporter -->
<testsuite ignored="0" hostname="LAPTOP-Q0P8NBKR" failures="0" tests="6" name="FireFoxTest" time="0.048" errors="0" timestamp="2023-02-08T15:09:32 IST">
  <testcase classname="pkg1.ForTestNg" name="@BeforeTest OpenBrowser" time="0.001">
    <failure type="java.lang.NullPointerException" message="Cannot invoke &amp;quot;org.openqa.selenium.WebDriver.manage()&amp;quot; because &amp;quot;this.driver&amp;quot; is null">
      <![CDATA[java.lang.NullPointerException: Cannot invoke "org.openqa.selenium.WebDriver.manage()" because "this.driver" is null
at pkg1.ForTestNg.OpenBrowser(ForTestNg.java:51)
... Removed 22 stack frames]]>
    </failure>
  </testcase> <!-- @BeforeTest OpenBrowser -->
  <testcase classname="pkg1.TestNgTestClass" name="@BeforeTest OpenBrowser" time="-1.675849172203E9">
    <skipped/>
  </testcase> <!-- @BeforeTest OpenBrowser -->
  <testcase classname="pkg1.TestNgTestClass" name="@BeforeMethod openSignUp" time="-1.675849172207E9">
    <skipped/>
  </testcase> <!-- @BeforeMethod openSignUp -->
  <testcase classname="pkg1.ForTestNg" name="@BeforeMethod openSignUp" time="-1.675849172207E9">
    <skipped/>
  </testcase> <!-- @BeforeMethod openSignUp -->
  <testcase classname="pkg1.ForTestNg" name="@AfterMethod closeCurrentTab" time="-1.675849172215E9">
    <skipped/>
  </testcase> <!-- @AfterMethod closeCurrentTab -->
  <testcase classname="pkg1.TestNgTestClass" name="@AfterMethod closeCurrentTab" time="-1.675849172216E9">
    <skipped/>
  </testcase> <!-- @AfterMethod closeCurrentTab -->
  <testcase classname="pkg1.ForTestNg" name="@BeforeMethod openSignUp" time="-1.675849172219E9">
    <skipped/>
  </testcase> <!-- @BeforeMethod openSignUp -->
  <testcase classname="pkg1.TestNgTestClass" name="@BeforeMethod openSignUp" time="-1.67584917222E9">
    <skipped/>
  </testcase> <!-- @BeforeMethod openSignUp -->
  <testcase classname="pkg1.ForTestNg" name="@AfterMethod closeCurrentTab" time="-1.675849172225E9">
    <skipped/>
  </testcase> <!-- @AfterMethod closeCurrentTab -->
  <testcase classname="pkg1.TestNgTestClass" name="@AfterMethod closeCurrentTab" time="-1.675849172227E9">
    <skipped/>
  </testcase> <!-- @AfterMethod closeCurrentTab -->
  <testcase classname="pkg1.ForTestNg" name="@BeforeMethod openSignUp" time="-1.675849172229E9">
    <skipped/>
  </testcase> <!-- @BeforeMethod openSignUp -->
  <testcase classname="pkg1.TestNgTestClass" name="@BeforeMethod openSignUp" time="-1.675849172231E9">
    <skipped/>
  </testcase> <!-- @BeforeMethod openSignUp -->
  <testcase classname="pkg1.ForTestNg" name="@AfterMethod closeCurrentTab" time="-1.675849172234E9">
    <skipped/>
  </testcase> <!-- @AfterMethod closeCurrentTab -->
  <testcase classname="pkg1.TestNgTestClass" name="@AfterMethod closeCurrentTab" time="-1.675849172237E9">
    <skipped/>
  </testcase> <!-- @AfterMethod closeCurrentTab -->
  <testcase classname="pkg1.ForTestNg" name="@AfterClass closeAllTab" time="-1.675849172238E9">
    <skipped/>
  </testcase> <!-- @AfterClass closeAllTab -->
  <testcase classname="pkg1.TestNgTestClass" name="@AfterClass closeAllTab" time="-1.675849172241E9">
    <skipped/>
  </testcase> <!-- @AfterClass closeAllTab -->
  <testcase classname="pkg1.ForTestNg" name="cookiesPolcy" time="0.0">
    <skipped/>
  </testcase> <!-- cookiesPolcy -->
  <testcase classname="pkg1.TestNgTestClass" name="cookiesPolcy" time="0.0">
    <skipped/>
  </testcase> <!-- cookiesPolcy -->
  <testcase classname="pkg1.ForTestNg" name="privacyPolicy" time="0.0">
    <skipped/>
  </testcase> <!-- privacyPolicy -->
  <testcase classname="pkg1.TestNgTestClass" name="privacyPolicy" time="0.0">
    <skipped/>
  </testcase> <!-- privacyPolicy -->
  <testcase classname="pkg1.ForTestNg" name="signupPage" time="0.0">
    <skipped/>
  </testcase> <!-- signupPage -->
  <testcase classname="pkg1.TestNgTestClass" name="signupPage" time="0.0">
    <skipped/>
  </testcase> <!-- signupPage -->
</testsuite> <!-- FireFoxTest -->
