<?xml version="1.0" encoding="UTF-8"?>
<!-- Generated by org.testng.reporters.JUnitXMLReporter -->
<testsuite ignored="0" hostname="LAPTOP-Q0P8NBKR" failures="0" tests="8" name="Test" time="45.106" errors="0" timestamp="2023-01-31T19:34:51 IST">
  <testcase classname="pkg1.ForTestNg" name="signupPage" time="2.35"/>
  <testcase classname="pkg1.ForTestNg" name="privacyPolicy" time="2.714"/>
  <testcase classname="pkg1.ForTestNg" name="privacyPolicy" time="2.929"/>
  <testcase classname="pkg1.ForTestNg" name="cookiesPolcy" time="2.643"/>
  <testcase classname="pkg1.TestNgTestClass" name="signupPage" time="1.669"/>
  <testcase classname="pkg1.TestNgTestClass" name="privacyPolicy" time="2.453"/>
  <testcase classname="pkg1.TestNgTestClass" name="privacyPolicy" time="2.462"/>
  <testcase classname="pkg1.TestNgTestClass" name="cookiesPolcy" time="2.909"/>
</testsuite> <!-- Test -->
